     1 00000000                                 [FORMAT "WCOFF"]
     2 00000000                                 [INSTRSET "i486p"]
     3 00000000                                 [OPTIMIZE 1]
     4 00000000                                 [OPTION 1]
     5 00000000                                 [BITS 32]
     6 00000000                                 	EXTERN	_init_gdtidt
     7 00000000                                 	EXTERN	_init_pic
     8 00000000                                 	EXTERN	_io_sti
     9 00000000                                 	EXTERN	_fifo32_init
    10 00000000                                 	EXTERN	_init_pit
    11 00000000                                 	EXTERN	_init_keyboard
    12 00000000                                 	EXTERN	_enable_mouse
    13 00000000                                 	EXTERN	_io_out8
    14 00000000                                 	EXTERN	_memtest
    15 00000000                                 	EXTERN	_memman_init
    16 00000000                                 	EXTERN	_memman_free
    17 00000000                                 	EXTERN	_init_palette
    18 00000000                                 	EXTERN	_shtctl_init
    19 00000000                                 	EXTERN	_task_init
    20 00000000                                 	EXTERN	_task_run
    21 00000000                                 	EXTERN	_sheet_alloc
    22 00000000                                 	EXTERN	_memman_alloc_4k
    23 00000000                                 	EXTERN	_sheet_setbuf
    24 00000000                                 	EXTERN	_init_screen8
    25 00000000                                 	EXTERN	_init_mouse_cursor8
    26 00000000                                 	EXTERN	_sheet_slide
    27 00000000                                 	EXTERN	_sheet_updown
    28 00000000                                 	EXTERN	_fifo32_put
    29 00000000                                 	EXTERN	_file_readfat
    30 00000000                                 	EXTERN	_file_search
    31 00000000                                 	EXTERN	_file_loadfile2
    32 00000000                                 	EXTERN	_memman_free_4k
    33 00000000                                 	EXTERN	_fifo32_status
    34 00000000                                 	EXTERN	_io_cli
    35 00000000                                 	EXTERN	_fifo32_get
    36 00000000                                 	EXTERN	_sheet_free
    37 00000000                                 	EXTERN	_taskctl
    38 00000000                                 	EXTERN	_mouse_decode
    39 00000000                                 	EXTERN	_cons_putstr0
    40 00000000                                 	EXTERN	_asm_end_app
    41 00000000                                 	EXTERN	_keytable0.0
    42 00000000                                 	EXTERN	_wait_KBC_sendready
    43 00000000                                 	EXTERN	_keytable1.1
    44 00000000                                 	EXTERN	_task_sleep
    45 00000000                                 	EXTERN	_hankaku
    46 00000000                                 	EXTERN	_change_wtitle8
    47 00000000                                 	EXTERN	_task_alloc
    48 00000000                                 	EXTERN	_console_task
    49 00000000                                 	EXTERN	_make_window8
    50 00000000                                 	EXTERN	_make_textbox8
    51 00000000                                 [FILE "bootpack.c"]
    52                                          [SECTION .data]
    53 00000000                                 _keytable0.0:
    54 00000000 00                              	DB	0
    55 00000001 00                              	DB	0
    56 00000002 31                              	DB	49
    57 00000003 32                              	DB	50
    58 00000004 33                              	DB	51
    59 00000005 34                              	DB	52
    60 00000006 35                              	DB	53
    61 00000007 36                              	DB	54
    62 00000008 37                              	DB	55
    63 00000009 38                              	DB	56
    64 0000000A 39                              	DB	57
    65 0000000B 30                              	DB	48
    66 0000000C 2D                              	DB	45
    67 0000000D 5E                              	DB	94
    68 0000000E 08                              	DB	8
    69 0000000F 00                              	DB	0
    70 00000010 51                              	DB	81
    71 00000011 57                              	DB	87
    72 00000012 45                              	DB	69
    73 00000013 52                              	DB	82
    74 00000014 54                              	DB	84
    75 00000015 59                              	DB	89
    76 00000016 55                              	DB	85
    77 00000017 49                              	DB	73
    78 00000018 4F                              	DB	79
    79 00000019 50                              	DB	80
    80 0000001A 40                              	DB	64
    81 0000001B 5B                              	DB	91
    82 0000001C 0A                              	DB	10
    83 0000001D 00                              	DB	0
    84 0000001E 41                              	DB	65
    85 0000001F 53                              	DB	83
    86 00000020 44                              	DB	68
    87 00000021 46                              	DB	70
    88 00000022 47                              	DB	71
    89 00000023 48                              	DB	72
    90 00000024 4A                              	DB	74
    91 00000025 4B                              	DB	75
    92 00000026 4C                              	DB	76
    93 00000027 3B                              	DB	59
    94 00000028 3A                              	DB	58
    95 00000029 00                              	DB	0
    96 0000002A 00                              	DB	0
    97 0000002B 5D                              	DB	93
    98 0000002C 5A                              	DB	90
    99 0000002D 58                              	DB	88
   100 0000002E 43                              	DB	67
   101 0000002F 56                              	DB	86
   102 00000030 42                              	DB	66
   103 00000031 4E                              	DB	78
   104 00000032 4D                              	DB	77
   105 00000033 2C                              	DB	44
   106 00000034 2E                              	DB	46
   107 00000035 2F                              	DB	47
   108 00000036 00                              	DB	0
   109 00000037 2A                              	DB	42
   110 00000038 00                              	DB	0
   111 00000039 20                              	DB	32
   112 0000003A 00                              	DB	0
   113 0000003B 00                              	DB	0
   114 0000003C 00                              	DB	0
   115 0000003D 00                              	DB	0
   116 0000003E 00                              	DB	0
   117 0000003F 00                              	DB	0
   118 00000040 00                              	DB	0
   119 00000041 00                              	DB	0
   120 00000042 00                              	DB	0
   121 00000043 00                              	DB	0
   122 00000044 00                              	DB	0
   123 00000045 00                              	DB	0
   124 00000046 00                              	DB	0
   125 00000047 37                              	DB	55
   126 00000048 38                              	DB	56
   127 00000049 39                              	DB	57
   128 0000004A 2D                              	DB	45
   129 0000004B 34                              	DB	52
   130 0000004C 35                              	DB	53
   131 0000004D 36                              	DB	54
   132 0000004E 2B                              	DB	43
   133 0000004F 31                              	DB	49
   134 00000050 32                              	DB	50
   135 00000051 33                              	DB	51
   136 00000052 30                              	DB	48
   137 00000053 2E                              	DB	46
   138 00000054 00                              	DB	0
   139 00000055 00                              	DB	0
   140 00000056 00                              	DB	0
   141 00000057 00                              	DB	0
   142 00000058 00                              	DB	0
   143 00000059 00                              	DB	0
   144 0000005A 00                              	DB	0
   145 0000005B 00                              	DB	0
   146 0000005C 00                              	DB	0
   147 0000005D 00                              	DB	0
   148 0000005E 00                              	DB	0
   149 0000005F 00                              	DB	0
   150 00000060 00                              	DB	0
   151 00000061 00                              	DB	0
   152 00000062 00                              	DB	0
   153 00000063 00                              	DB	0
   154 00000064 00                              	DB	0
   155 00000065 00                              	DB	0
   156 00000066 00                              	DB	0
   157 00000067 00                              	DB	0
   158 00000068 00                              	DB	0
   159 00000069 00                              	DB	0
   160 0000006A 00                              	DB	0
   161 0000006B 00                              	DB	0
   162 0000006C 00                              	DB	0
   163 0000006D 00                              	DB	0
   164 0000006E 00                              	DB	0
   165 0000006F 00                              	DB	0
   166 00000070 00                              	DB	0
   167 00000071 00                              	DB	0
   168 00000072 00                              	DB	0
   169 00000073 5C                              	DB	92
   170 00000074 00                              	DB	0
   171 00000075 00                              	DB	0
   172 00000076 00                              	DB	0
   173 00000077 00                              	DB	0
   174 00000078 00                              	DB	0
   175 00000079 00                              	DB	0
   176 0000007A 00                              	DB	0
   177 0000007B 00                              	DB	0
   178 0000007C 00                              	DB	0
   179 0000007D 5C                              	DB	92
   180 0000007E 00                              	DB	0
   181 0000007F 00                              	DB	0
   182 00000080                                 _keytable1.1:
   183 00000080 00                              	DB	0
   184 00000081 00                              	DB	0
   185 00000082 21                              	DB	33
   186 00000083 22                              	DB	34
   187 00000084 23                              	DB	35
   188 00000085 24                              	DB	36
   189 00000086 25                              	DB	37
   190 00000087 26                              	DB	38
   191 00000088 27                              	DB	39
   192 00000089 28                              	DB	40
   193 0000008A 29                              	DB	41
   194 0000008B 7E                              	DB	126
   195 0000008C 3D                              	DB	61
   196 0000008D 7E                              	DB	126
   197 0000008E 08                              	DB	8
   198 0000008F 00                              	DB	0
   199 00000090 51                              	DB	81
   200 00000091 57                              	DB	87
   201 00000092 45                              	DB	69
   202 00000093 52                              	DB	82
   203 00000094 54                              	DB	84
   204 00000095 59                              	DB	89
   205 00000096 55                              	DB	85
   206 00000097 49                              	DB	73
   207 00000098 4F                              	DB	79
   208 00000099 50                              	DB	80
   209 0000009A 60                              	DB	96
   210 0000009B 7B                              	DB	123
   211 0000009C 0A                              	DB	10
   212 0000009D 00                              	DB	0
   213 0000009E 41                              	DB	65
   214 0000009F 53                              	DB	83
   215 000000A0 44                              	DB	68
   216 000000A1 46                              	DB	70
   217 000000A2 47                              	DB	71
   218 000000A3 48                              	DB	72
   219 000000A4 4A                              	DB	74
   220 000000A5 4B                              	DB	75
   221 000000A6 4C                              	DB	76
   222 000000A7 2B                              	DB	43
   223 000000A8 2A                              	DB	42
   224 000000A9 00                              	DB	0
   225 000000AA 00                              	DB	0
   226 000000AB 7D                              	DB	125
   227 000000AC 5A                              	DB	90
   228 000000AD 58                              	DB	88
   229 000000AE 43                              	DB	67
   230 000000AF 56                              	DB	86
   231 000000B0 42                              	DB	66
   232 000000B1 4E                              	DB	78
   233 000000B2 4D                              	DB	77
   234 000000B3 3C                              	DB	60
   235 000000B4 3E                              	DB	62
   236 000000B5 3F                              	DB	63
   237 000000B6 00                              	DB	0
   238 000000B7 2A                              	DB	42
   239 000000B8 00                              	DB	0
   240 000000B9 20                              	DB	32
   241 000000BA 00                              	DB	0
   242 000000BB 00                              	DB	0
   243 000000BC 00                              	DB	0
   244 000000BD 00                              	DB	0
   245 000000BE 00                              	DB	0
   246 000000BF 00                              	DB	0
   247 000000C0 00                              	DB	0
   248 000000C1 00                              	DB	0
   249 000000C2 00                              	DB	0
   250 000000C3 00                              	DB	0
   251 000000C4 00                              	DB	0
   252 000000C5 00                              	DB	0
   253 000000C6 00                              	DB	0
   254 000000C7 37                              	DB	55
   255 000000C8 38                              	DB	56
   256 000000C9 39                              	DB	57
   257 000000CA 2D                              	DB	45
   258 000000CB 34                              	DB	52
   259 000000CC 35                              	DB	53
   260 000000CD 36                              	DB	54
   261 000000CE 2B                              	DB	43
   262 000000CF 31                              	DB	49
   263 000000D0 32                              	DB	50
   264 000000D1 33                              	DB	51
   265 000000D2 30                              	DB	48
   266 000000D3 2E                              	DB	46
   267 000000D4 00                              	DB	0
   268 000000D5 00                              	DB	0
   269 000000D6 00                              	DB	0
   270 000000D7 00                              	DB	0
   271 000000D8 00                              	DB	0
   272 000000D9 00                              	DB	0
   273 000000DA 00                              	DB	0
   274 000000DB 00                              	DB	0
   275 000000DC 00                              	DB	0
   276 000000DD 00                              	DB	0
   277 000000DE 00                              	DB	0
   278 000000DF 00                              	DB	0
   279 000000E0 00                              	DB	0
   280 000000E1 00                              	DB	0
   281 000000E2 00                              	DB	0
   282 000000E3 00                              	DB	0
   283 000000E4 00                              	DB	0
   284 000000E5 00                              	DB	0
   285 000000E6 00                              	DB	0
   286 000000E7 00                              	DB	0
   287 000000E8 00                              	DB	0
   288 000000E9 00                              	DB	0
   289 000000EA 00                              	DB	0
   290 000000EB 00                              	DB	0
   291 000000EC 00                              	DB	0
   292 000000ED 00                              	DB	0
   293 000000EE 00                              	DB	0
   294 000000EF 00                              	DB	0
   295 000000F0 00                              	DB	0
   296 000000F1 00                              	DB	0
   297 000000F2 00                              	DB	0
   298 000000F3 5F                              	DB	95
   299 000000F4 00                              	DB	0
   300 000000F5 00                              	DB	0
   301 000000F6 00                              	DB	0
   302 000000F7 00                              	DB	0
   303 000000F8 00                              	DB	0
   304 000000F9 00                              	DB	0
   305 000000FA 00                              	DB	0
   306 000000FB 00                              	DB	0
   307 000000FC 00                              	DB	0
   308 000000FD 7C                              	DB	124
   309 000000FE 00                              	DB	0
   310 000000FF 00                              	DB	0
   311 00000100                                 LC0:
   312 00000100 6E 69 68 6F 6E 67 6F 2E 66 6E   	DB	"nihongo.fnt",0x00
       0000010A 74 00 
   313 0000010C                                 LC2:
   314 0000010C 0A 42 72 65 61 6B 28 6D 6F 75   	DB	0x0A,"Break(mouse) :",0x0A,0x00
       00000116 73 65 29 20 3A 0A 00 
   315 0000011D                                 LC1:
   316 0000011D 0A 42 72 65 61 6B 28 6B 65 79   	DB	0x0A,"Break(key) :",0x0A,0x00
       00000127 29 20 3A 0A 00 
   317                                          [SECTION .text]
   318 00000000                                 	GLOBAL	_HariMain
   319 00000000                                 _HariMain:
   320 00000000 55                              	PUSH	EBP
   321 00000001 89 E5                           	MOV	EBP,ESP
   322 00000003 57                              	PUSH	EDI
   323 00000004 56                              	PUSH	ESI
   324 00000005 53                              	PUSH	EBX
   325 00000006 8D 5D A4                        	LEA	EBX,DWORD [-92+EBP]
   326 00000009 81 EC 00000454                  	SUB	ESP,1108
   327 0000000F C7 85 FFFFFBE0 FFFFFFFF         	MOV	DWORD [-1056+EBP],-1
   328 00000019 C7 85 FFFFFBDC 00000000         	MOV	DWORD [-1060+EBP],0
   329 00000023 C7 85 FFFFFBD8 7FFFFFFF         	MOV	DWORD [-1064+EBP],2147483647
   330 0000002D C7 85 FFFFFBD4 00000000         	MOV	DWORD [-1068+EBP],0
   331 00000037 C7 85 FFFFFBC4 00000000         	MOV	DWORD [-1084+EBP],0
   332 00000041 A0 00000FF1                     	MOV	AL,BYTE [4081]
   333 00000046 C0 F8 04                        	SAR	AL,4
   334 00000049 89 C2                           	MOV	EDX,EAX
   335 0000004B 83 E2 07                        	AND	EDX,7
   336 0000004E 89 95 FFFFFBC0                  	MOV	DWORD [-1088+EBP],EDX
   337 00000054 C7 85 FFFFFBBC FFFFFFFF         	MOV	DWORD [-1092+EBP],-1
   338 0000005E C7 85 FFFFFBB8 FFFFFFFF         	MOV	DWORD [-1096+EBP],-1
   339 00000068 C7 85 FFFFFBB4 FFFFFFFF         	MOV	DWORD [-1100+EBP],-1
   340 00000072 C7 85 FFFFFBB0 00000000         	MOV	DWORD [-1104+EBP],0
   341 0000007C C7 85 FFFFFBAC 00000000         	MOV	DWORD [-1108+EBP],0
   342 00000086 E8 [00000000]                   	CALL	_init_gdtidt
   343 0000008B E8 [00000000]                   	CALL	_init_pic
   344 00000090 E8 [00000000]                   	CALL	_io_sti
   345 00000095 8D 85 FFFFFD84                  	LEA	EAX,DWORD [-636+EBP]
   346 0000009B 6A 00                           	PUSH	0
   347 0000009D 50                              	PUSH	EAX
   348 0000009E 68 00000080                     	PUSH	128
   349 000000A3 53                              	PUSH	EBX
   350 000000A4 E8 [00000000]                   	CALL	_fifo32_init
   351 000000A9 89 1D 00000FEC                  	MOV	DWORD [4076],EBX
   352 000000AF E8 [00000000]                   	CALL	_init_pit
   353 000000B4 68 00000100                     	PUSH	256
   354 000000B9 53                              	PUSH	EBX
   355 000000BA E8 [00000000]                   	CALL	_init_keyboard
   356 000000BF 8D 85 FFFFFCF4                  	LEA	EAX,DWORD [-780+EBP]
   357 000000C5 50                              	PUSH	EAX
   358 000000C6 68 00000200                     	PUSH	512
   359 000000CB 53                              	PUSH	EBX
   360 000000CC E8 [00000000]                   	CALL	_enable_mouse
   361 000000D1 83 C4 24                        	ADD	ESP,36
   362 000000D4 68 000000F8                     	PUSH	248
   363 000000D9 6A 21                           	PUSH	33
   364 000000DB E8 [00000000]                   	CALL	_io_out8
   365 000000E0 68 000000EF                     	PUSH	239
   366 000000E5 68 000000A1                     	PUSH	161
   367 000000EA E8 [00000000]                   	CALL	_io_out8
   368 000000EF 8D 85 FFFFFD04                  	LEA	EAX,DWORD [-764+EBP]
   369 000000F5 6A 00                           	PUSH	0
   370 000000F7 50                              	PUSH	EAX
   371 000000F8 8D 45 84                        	LEA	EAX,DWORD [-124+EBP]
   372 000000FB 6A 20                           	PUSH	32
   373 000000FD 50                              	PUSH	EAX
   374 000000FE E8 [00000000]                   	CALL	_fifo32_init
   375 00000103 83 C4 20                        	ADD	ESP,32
   376 00000106 68 BFFFFFFF                     	PUSH	-1073741825
   377 0000010B 68 00400000                     	PUSH	4194304
   378 00000110 E8 [00000000]                   	CALL	_memtest
   379 00000115 68 003C0000                     	PUSH	3932160
   380 0000011A 89 85 FFFFFBD0                  	MOV	DWORD [-1072+EBP],EAX
   381 00000120 E8 [00000000]                   	CALL	_memman_init
   382 00000125 68 0009E000                     	PUSH	647168
   383 0000012A 68 00001000                     	PUSH	4096
   384 0000012F 68 003C0000                     	PUSH	3932160
   385 00000134 E8 [00000000]                   	CALL	_memman_free
   386 00000139 8B 85 FFFFFBD0                  	MOV	EAX,DWORD [-1072+EBP]
   387 0000013F 2D 00400000                     	SUB	EAX,4194304
   388 00000144 50                              	PUSH	EAX
   389 00000145 68 00400000                     	PUSH	4194304
   390 0000014A 68 003C0000                     	PUSH	3932160
   391 0000014F E8 [00000000]                   	CALL	_memman_free
   392 00000154 83 C4 24                        	ADD	ESP,36
   393 00000157 E8 [00000000]                   	CALL	_init_palette
   394 0000015C 0F BF 05 00000FF6               	MOVSX	EAX,WORD [4086]
   395 00000163 50                              	PUSH	EAX
   396 00000164 0F BF 05 00000FF4               	MOVSX	EAX,WORD [4084]
   397 0000016B 50                              	PUSH	EAX
   398 0000016C FF 35 00000FF8                  	PUSH	DWORD [4088]
   399 00000172 68 003C0000                     	PUSH	3932160
   400 00000177 E8 [00000000]                   	CALL	_shtctl_init
   401 0000017C 68 003C0000                     	PUSH	3932160
   402 00000181 89 85 FFFFFBEC                  	MOV	DWORD [-1044+EBP],EAX
   403 00000187 E8 [00000000]                   	CALL	_task_init
   404 0000018C 6A 02                           	PUSH	2
   405 0000018E 6A 01                           	PUSH	1
   406 00000190 89 85 FFFFFBC8                  	MOV	DWORD [-1080+EBP],EAX
   407 00000196 50                              	PUSH	EAX
   408 00000197 89 45 BC                        	MOV	DWORD [-68+EBP],EAX
   409 0000019A E8 [00000000]                   	CALL	_task_run
   410 0000019F 83 C4 20                        	ADD	ESP,32
   411 000001A2 8B 85 FFFFFBC8                  	MOV	EAX,DWORD [-1080+EBP]
   412 000001A8 8B 95 FFFFFBEC                  	MOV	EDX,DWORD [-1044+EBP]
   413 000001AE 89 15 00000FE4                  	MOV	DWORD [4068],EDX
   414 000001B4 C6 80 000000BC 00               	MOV	BYTE [188+EAX],0
   415 000001BB 52                              	PUSH	EDX
   416 000001BC E8 [00000000]                   	CALL	_sheet_alloc
   417 000001C1 89 C6                           	MOV	ESI,EAX
   418 000001C3 0F BF 15 00000FF6               	MOVSX	EDX,WORD [4086]
   419 000001CA 0F BF 05 00000FF4               	MOVSX	EAX,WORD [4084]
   420 000001D1 0F AF C2                        	IMUL	EAX,EDX
   421 000001D4 50                              	PUSH	EAX
   422 000001D5 68 003C0000                     	PUSH	3932160
   423 000001DA E8 [00000000]                   	CALL	_memman_alloc_4k
   424 000001DF 6A FF                           	PUSH	-1
   425 000001E1 89 C3                           	MOV	EBX,EAX
   426 000001E3 0F BF 05 00000FF6               	MOVSX	EAX,WORD [4086]
   427 000001EA 50                              	PUSH	EAX
   428 000001EB 0F BF 05 00000FF4               	MOVSX	EAX,WORD [4084]
   429 000001F2 50                              	PUSH	EAX
   430 000001F3 53                              	PUSH	EBX
   431 000001F4 56                              	PUSH	ESI
   432 000001F5 E8 [00000000]                   	CALL	_sheet_setbuf
   433 000001FA 83 C4 20                        	ADD	ESP,32
   434 000001FD 0F BF 05 00000FF6               	MOVSX	EAX,WORD [4086]
   435 00000204 50                              	PUSH	EAX
   436 00000205 0F BF 05 00000FF4               	MOVSX	EAX,WORD [4084]
   437 0000020C 50                              	PUSH	EAX
   438 0000020D 53                              	PUSH	EBX
   439 0000020E 8D 9D FFFFFBF4                  	LEA	EBX,DWORD [-1036+EBP]
   440 00000214 E8 [00000000]                   	CALL	_init_screen8
   441 00000219 FF B5 FFFFFBD0                  	PUSH	DWORD [-1072+EBP]
   442 0000021F FF B5 FFFFFBEC                  	PUSH	DWORD [-1044+EBP]
   443 00000225 E8 00000A67                     	CALL	_open_console
   444 0000022A FF B5 FFFFFBEC                  	PUSH	DWORD [-1044+EBP]
   445 00000230 89 C7                           	MOV	EDI,EAX
   446 00000232 E8 [00000000]                   	CALL	_sheet_alloc
   447 00000237 6A 63                           	PUSH	99
   448 00000239 6A 10                           	PUSH	16
   449 0000023B 89 85 FFFFFBCC                  	MOV	DWORD [-1076+EBP],EAX
   450 00000241 6A 10                           	PUSH	16
   451 00000243 53                              	PUSH	EBX
   452 00000244 50                              	PUSH	EAX
   453 00000245 E8 [00000000]                   	CALL	_sheet_setbuf
   454 0000024A 83 C4 2C                        	ADD	ESP,44
   455 0000024D 6A 63                           	PUSH	99
   456 0000024F 53                              	PUSH	EBX
   457 00000250 BB 00000002                     	MOV	EBX,2
   458 00000255 E8 [00000000]                   	CALL	_init_mouse_cursor8
   459 0000025A 0F BF 05 00000FF4               	MOVSX	EAX,WORD [4084]
   460 00000261 8D 48 F0                        	LEA	ECX,DWORD [-16+EAX]
   461 00000264 89 C8                           	MOV	EAX,ECX
   462 00000266 99                              	CDQ
   463 00000267 F7 FB                           	IDIV	EBX
   464 00000269 89 85 FFFFFBE8                  	MOV	DWORD [-1048+EBP],EAX
   465 0000026F 0F BF 05 00000FF6               	MOVSX	EAX,WORD [4086]
   466 00000276 6A 00                           	PUSH	0
   467 00000278 8D 48 D4                        	LEA	ECX,DWORD [-44+EAX]
   468 0000027B 6A 00                           	PUSH	0
   469 0000027D 89 C8                           	MOV	EAX,ECX
   470 0000027F 56                              	PUSH	ESI
   471 00000280 99                              	CDQ
   472 00000281 F7 FB                           	IDIV	EBX
   473 00000283 89 85 FFFFFBE4                  	MOV	DWORD [-1052+EBP],EAX
   474 00000289 E8 [00000000]                   	CALL	_sheet_slide
   475 0000028E 6A 04                           	PUSH	4
   476 00000290 6A 20                           	PUSH	32
   477 00000292 57                              	PUSH	EDI
   478 00000293 E8 [00000000]                   	CALL	_sheet_slide
   479 00000298 83 C4 20                        	ADD	ESP,32
   480 0000029B FF B5 FFFFFBE4                  	PUSH	DWORD [-1052+EBP]
   481 000002A1 FF B5 FFFFFBE8                  	PUSH	DWORD [-1048+EBP]
   482 000002A7 FF B5 FFFFFBCC                  	PUSH	DWORD [-1076+EBP]
   483 000002AD E8 [00000000]                   	CALL	_sheet_slide
   484 000002B2 6A 00                           	PUSH	0
   485 000002B4 56                              	PUSH	ESI
   486 000002B5 E8 [00000000]                   	CALL	_sheet_updown
   487 000002BA 6A 01                           	PUSH	1
   488 000002BC 57                              	PUSH	EDI
   489 000002BD E8 [00000000]                   	CALL	_sheet_updown
   490 000002C2 6A 02                           	PUSH	2
   491 000002C4 FF B5 FFFFFBCC                  	PUSH	DWORD [-1076+EBP]
   492 000002CA E8 [00000000]                   	CALL	_sheet_updown
   493 000002CF 83 C4 24                        	ADD	ESP,36
   494 000002D2 57                              	PUSH	EDI
   495 000002D3 E8 000008E5                     	CALL	_keywin_on
   496 000002D8 8D 55 84                        	LEA	EDX,DWORD [-124+EBP]
   497 000002DB 68 000000ED                     	PUSH	237
   498 000002E0 52                              	PUSH	EDX
   499 000002E1 E8 [00000000]                   	CALL	_fifo32_put
   500 000002E6 8D 45 84                        	LEA	EAX,DWORD [-124+EBP]
   501 000002E9 FF B5 FFFFFBC0                  	PUSH	DWORD [-1088+EBP]
   502 000002EF 50                              	PUSH	EAX
   503 000002F0 E8 [00000000]                   	CALL	_fifo32_put
   504 000002F5 68 00002D00                     	PUSH	11520
   505 000002FA 68 003C0000                     	PUSH	3932160
   506 000002FF E8 [00000000]                   	CALL	_memman_alloc_4k
   507 00000304 68 00100200                     	PUSH	1049088
   508 00000309 89 C3                           	MOV	EBX,EAX
   509 0000030B 50                              	PUSH	EAX
   510 0000030C E8 [00000000]                   	CALL	_file_readfat
   511 00000311 83 C4 24                        	ADD	ESP,36
   512 00000314 68 000000E0                     	PUSH	224
   513 00000319 68 00102600                     	PUSH	1058304
   514 0000031E 68 [00000100]                   	PUSH	LC0
   515 00000323 E8 [00000000]                   	CALL	_file_search
   516 00000328 83 C4 0C                        	ADD	ESP,12
   517 0000032B 89 C2                           	MOV	EDX,EAX
   518 0000032D 85 C0                           	TEST	EAX,EAX
   519 0000032F 0F 84 000007F0                  	JE	L2
   520 00000335 8B 40 20                        	MOV	EAX,DWORD [32+EAX]
   521 00000338 53                              	PUSH	EBX
   522 00000339 89 85 FFFFFBF0                  	MOV	DWORD [-1040+EBP],EAX
   523 0000033F 8D 85 FFFFFBF0                  	LEA	EAX,DWORD [-1040+EBP]
   524 00000345 50                              	PUSH	EAX
   525 00000346 FF 72 1C                        	PUSH	DWORD [28+EDX]
   526 00000349 E8 [00000000]                   	CALL	_file_loadfile2
   527 0000034E 83 C4 0C                        	ADD	ESP,12
   528 00000351 89 C1                           	MOV	ECX,EAX
   529 00000353                                 L3:
   530 00000353 89 0D 00000FE8                  	MOV	DWORD [4072],ECX
   531 00000359 68 00002D00                     	PUSH	11520
   532 0000035E 53                              	PUSH	EBX
   533 0000035F 68 003C0000                     	PUSH	3932160
   534 00000364 E8 [00000000]                   	CALL	_memman_free_4k
   535 00000369                                 L90:
   536 00000369 83 C4 0C                        	ADD	ESP,12
   537 0000036C                                 L14:
   538 0000036C 8D 5D 84                        	LEA	EBX,DWORD [-124+EBP]
   539 0000036F 53                              	PUSH	EBX
   540 00000370 E8 [00000000]                   	CALL	_fifo32_status
   541 00000375 5A                              	POP	EDX
   542 00000376 85 C0                           	TEST	EAX,EAX
   543 00000378 7E 0D                           	JLE	L17
   544 0000037A 83 BD FFFFFBBC 00               	CMP	DWORD [-1092+EBP],0
   545 00000381 0F 88 00000778                  	JS	L94
   546 00000387                                 L17:
   547 00000387 8D 5D A4                        	LEA	EBX,DWORD [-92+EBP]
   548 0000038A E8 [00000000]                   	CALL	_io_cli
   549 0000038F 53                              	PUSH	EBX
   550 00000390 E8 [00000000]                   	CALL	_fifo32_status
   551 00000395 5E                              	POP	ESI
   552 00000396 85 C0                           	TEST	EAX,EAX
   553 00000398 0F 84 00000702                  	JE	L95
   554 0000039E 53                              	PUSH	EBX
   555 0000039F E8 [00000000]                   	CALL	_fifo32_get
   556 000003A4 89 85 FFFFFBF0                  	MOV	DWORD [-1040+EBP],EAX
   557 000003AA E8 [00000000]                   	CALL	_io_sti
   558 000003AF 5B                              	POP	EBX
   559 000003B0 85 FF                           	TEST	EDI,EDI
   560 000003B2 74 27                           	JE	L24
   561 000003B4 83 7F 1C 00                     	CMP	DWORD [28+EDI],0
   562 000003B8 75 21                           	JNE	L24
   563 000003BA 8B 95 FFFFFBEC                  	MOV	EDX,DWORD [-1044+EBP]
   564 000003C0 31 FF                           	XOR	EDI,EDI
   565 000003C2 8B 42 10                        	MOV	EAX,DWORD [16+EDX]
   566 000003C5 83 F8 01                        	CMP	EAX,1
   567 000003C8 74 11                           	JE	L24
   568 000003CA 8B 95 FFFFFBEC                  	MOV	EDX,DWORD [-1044+EBP]
   569 000003D0 8B 7C 82 10                     	MOV	EDI,DWORD [16+EDX+EAX*4]
   570 000003D4 57                              	PUSH	EDI
   571 000003D5 E8 000007E3                     	CALL	_keywin_on
   572 000003DA 59                              	POP	ECX
   573 000003DB                                 L24:
   574 000003DB 8B 95 FFFFFBF0                  	MOV	EDX,DWORD [-1040+EBP]
   575 000003E1 8D 82 FFFFFF00                  	LEA	EAX,DWORD [-256+EDX]
   576 000003E7 3D 000000FF                     	CMP	EAX,255
   577 000003EC 0F 86 0000039B                  	JBE	L96
   578 000003F2 8D 82 FFFFFE00                  	LEA	EAX,DWORD [-512+EDX]
   579 000003F8 3D 000000FF                     	CMP	EAX,255
   580 000003FD 0F 86 00000093                  	JBE	L97
   581 00000403 8D 82 FFFFFD00                  	LEA	EAX,DWORD [-768+EDX]
   582 00000409 3D 000000FF                     	CMP	EAX,255
   583 0000040E 76 6E                           	JBE	L98
   584 00000410 8D 82 FFFFFC00                  	LEA	EAX,DWORD [-1024+EDX]
   585 00000416 3D 000003E7                     	CMP	EAX,999
   586 0000041B 76 43                           	JBE	L99
   587 0000041D 8D 82 FFFFF818                  	LEA	EAX,DWORD [-2024+EDX]
   588 00000423 3D 000000FF                     	CMP	EAX,255
   589 00000428 0F 87 FFFFFF3E                  	JA	L14
   590 0000042E 6B C2 28                        	IMUL	EAX,EDX,40
   591 00000431 03 85 FFFFFBEC                  	ADD	EAX,DWORD [-1044+EBP]
   592 00000437 68 0000A500                     	PUSH	42240
   593 0000043C FF B0 FFFEC7D4                  	PUSH	DWORD [-79916+EAX]
   594 00000442 68 003C0000                     	PUSH	3932160
   595 00000447 8D 98 FFFEC7D4                  	LEA	EBX,DWORD [-79916+EAX]
   596 0000044D E8 [00000000]                   	CALL	_memman_free_4k
   597 00000452 53                              	PUSH	EBX
   598 00000453 E8 [00000000]                   	CALL	_sheet_free
   599 00000458 83 C4 10                        	ADD	ESP,16
   600 0000045B E9 FFFFFF0C                     	JMP	L14
   601 00000460                                 L99:
   602 00000460 69 D2 000000C0                  	IMUL	EDX,EDX,192
   603 00000466 03 15 [00000000]                	ADD	EDX,DWORD [_taskctl]
   604 0000046C 8D 82 FFFD0FF8                  	LEA	EAX,DWORD [-192520+EDX]
   605 00000472 50                              	PUSH	EAX
   606 00000473 E8 00000898                     	CALL	_close_constask
   607 00000478                                 L89:
   608 00000478 58                              	POP	EAX
   609 00000479 E9 FFFFFEEE                     	JMP	L14
   610 0000047E                                 L98:
   611 0000047E 6B C2 28                        	IMUL	EAX,EDX,40
   612 00000481 8B 95 FFFFFBEC                  	MOV	EDX,DWORD [-1044+EBP]
   613 00000487 8D 84 10 FFFF8C14               	LEA	EAX,DWORD [-29676+EAX+EDX*1]
   614 0000048E 50                              	PUSH	EAX
   615 0000048F E8 000008BC                     	CALL	_close_console
   616 00000494 EB E2                           	JMP	L89
   617 00000496                                 L97:
   618 00000496 0F B6 85 FFFFFBF0               	MOVZX	EAX,BYTE [-1040+EBP]
   619 0000049D 50                              	PUSH	EAX
   620 0000049E 8D 85 FFFFFCF4                  	LEA	EAX,DWORD [-780+EBP]
   621 000004A4 50                              	PUSH	EAX
   622 000004A5 E8 [00000000]                   	CALL	_mouse_decode
   623 000004AA 59                              	POP	ECX
   624 000004AB 5B                              	POP	EBX
   625 000004AC 85 C0                           	TEST	EAX,EAX
   626 000004AE 0F 84 FFFFFEB8                  	JE	L14
   627 000004B4 8B 85 FFFFFCFC                  	MOV	EAX,DWORD [-772+EBP]
   628 000004BA 8B 95 FFFFFCF8                  	MOV	EDX,DWORD [-776+EBP]
   629 000004C0 01 85 FFFFFBE4                  	ADD	DWORD [-1052+EBP],EAX
   630 000004C6 01 95 FFFFFBE8                  	ADD	DWORD [-1048+EBP],EDX
   631 000004CC 0F 88 000002AC                  	JS	L100
   632 000004D2                                 L56:
   633 000004D2 83 BD FFFFFBE4 00               	CMP	DWORD [-1052+EBP],0
   634 000004D9 0F 88 00000290                  	JS	L101
   635 000004DF                                 L57:
   636 000004DF 0F BF 05 00000FF4               	MOVSX	EAX,WORD [4084]
   637 000004E6 48                              	DEC	EAX
   638 000004E7 39 85 FFFFFBE8                  	CMP	DWORD [-1048+EBP],EAX
   639 000004ED 7E 06                           	JLE	L58
   640 000004EF 89 85 FFFFFBE8                  	MOV	DWORD [-1048+EBP],EAX
   641 000004F5                                 L58:
   642 000004F5 0F BF 05 00000FF6               	MOVSX	EAX,WORD [4086]
   643 000004FC 48                              	DEC	EAX
   644 000004FD 39 85 FFFFFBE4                  	CMP	DWORD [-1052+EBP],EAX
   645 00000503 7E 06                           	JLE	L59
   646 00000505 89 85 FFFFFBE4                  	MOV	DWORD [-1052+EBP],EAX
   647 0000050B                                 L59:
   648 0000050B 8B 85 FFFFFBE8                  	MOV	EAX,DWORD [-1048+EBP]
   649 00000511 8B 95 FFFFFBE4                  	MOV	EDX,DWORD [-1052+EBP]
   650 00000517 89 85 FFFFFBE0                  	MOV	DWORD [-1056+EBP],EAX
   651 0000051D 89 95 FFFFFBDC                  	MOV	DWORD [-1060+EBP],EDX
   652 00000523 F7 85 FFFFFD00 00000001         	TEST	DWORD [-768+EBP],1
   653 0000052D 75 40                           	JNE	L102
   654 0000052F C7 85 FFFFFBB8 FFFFFFFF         	MOV	DWORD [-1096+EBP],-1
   655 00000539 81 BD FFFFFBD8 7FFFFFFF         	CMP	DWORD [-1064+EBP],2147483647
   656 00000543 0F 84 FFFFFE23                  	JE	L14
   657 00000549                                 L91:
   658 00000549 FF B5 FFFFFBD4                  	PUSH	DWORD [-1068+EBP]
   659 0000054F FF B5 FFFFFBD8                  	PUSH	DWORD [-1064+EBP]
   660 00000555 FF B5 FFFFFBAC                  	PUSH	DWORD [-1108+EBP]
   661 0000055B E8 [00000000]                   	CALL	_sheet_slide
   662 00000560 C7 85 FFFFFBD8 7FFFFFFF         	MOV	DWORD [-1064+EBP],2147483647
   663 0000056A E9 FFFFFDFA                     	JMP	L90
   664 0000056F                                 L102:
   665 0000056F 83 BD FFFFFBB8 00               	CMP	DWORD [-1096+EBP],0
   666 00000576 78 46                           	JS	L103
   667 00000578 8B 9D FFFFFBE8                  	MOV	EBX,DWORD [-1048+EBP]
   668 0000057E 8B 85 FFFFFBB0                  	MOV	EAX,DWORD [-1104+EBP]
   669 00000584 2B 9D FFFFFBB8                  	SUB	EBX,DWORD [-1096+EBP]
   670 0000058A 8B B5 FFFFFBE4                  	MOV	ESI,DWORD [-1052+EBP]
   671 00000590 2B B5 FFFFFBB4                  	SUB	ESI,DWORD [-1100+EBP]
   672 00000596 8B 95 FFFFFBE4                  	MOV	EDX,DWORD [-1052+EBP]
   673 0000059C 8D 5C 03 02                     	LEA	EBX,DWORD [2+EBX+EAX*1]
   674 000005A0 89 95 FFFFFBB4                  	MOV	DWORD [-1100+EBP],EDX
   675 000005A6 89 9D FFFFFBD8                  	MOV	DWORD [-1064+EBP],EBX
   676 000005AC 01 B5 FFFFFBD4                  	ADD	DWORD [-1068+EBP],ESI
   677 000005B2 83 A5 FFFFFBD8 FC               	AND	DWORD [-1064+EBP],-4
   678 000005B9 E9 FFFFFDAE                     	JMP	L14
   679 000005BE                                 L103:
   680 000005BE 8B 85 FFFFFBEC                  	MOV	EAX,DWORD [-1044+EBP]
   681 000005C4 8B 40 10                        	MOV	EAX,DWORD [16+EAX]
   682 000005C7 89 85 FFFFFBA4                  	MOV	DWORD [-1116+EBP],EAX
   683 000005CD 89 C1                           	MOV	ECX,EAX
   684 000005CF                                 L93:
   685 000005CF 49                              	DEC	ECX
   686 000005D0 85 C9                           	TEST	ECX,ECX
   687 000005D2 0F 8E FFFFFD94                  	JLE	L14
   688 000005D8 8B 95 FFFFFBEC                  	MOV	EDX,DWORD [-1044+EBP]
   689 000005DE 8B B5 FFFFFBE4                  	MOV	ESI,DWORD [-1052+EBP]
   690 000005E4 8B 9D FFFFFBE8                  	MOV	EBX,DWORD [-1048+EBP]
   691 000005EA 8B 54 8A 14                     	MOV	EDX,DWORD [20+EDX+ECX*4]
   692 000005EE 89 95 FFFFFBAC                  	MOV	DWORD [-1108+EBP],EDX
   693 000005F4 2B 72 10                        	SUB	ESI,DWORD [16+EDX]
   694 000005F7 2B 5A 0C                        	SUB	EBX,DWORD [12+EDX]
   695 000005FA 78 D3                           	JS	L93
   696 000005FC 8B 42 04                        	MOV	EAX,DWORD [4+EDX]
   697 000005FF 39 C3                           	CMP	EBX,EAX
   698 00000601 7D CC                           	JGE	L93
   699 00000603 85 F6                           	TEST	ESI,ESI
   700 00000605 78 C8                           	JS	L93
   701 00000607 3B 72 08                        	CMP	ESI,DWORD [8+EDX]
   702 0000060A 7D C3                           	JGE	L93
   703 0000060C 0F AF C6                        	IMUL	EAX,ESI
   704 0000060F 89 85 FFFFFBA0                  	MOV	DWORD [-1120+EBP],EAX
   705 00000615 8B 12                           	MOV	EDX,DWORD [EDX]
   706 00000617 8B 85 FFFFFBA0                  	MOV	EAX,DWORD [-1120+EBP]
   707 0000061D 01 D8                           	ADD	EAX,EBX
   708 0000061F 0F B6 04 10                     	MOVZX	EAX,BYTE [EAX+EDX*1]
   709 00000623 8B 95 FFFFFBAC                  	MOV	EDX,DWORD [-1108+EBP]
   710 00000629 3B 42 14                        	CMP	EAX,DWORD [20+EDX]
   711 0000062C 74 A1                           	JE	L93
   712 0000062E 8B 85 FFFFFBA4                  	MOV	EAX,DWORD [-1116+EBP]
   713 00000634 48                              	DEC	EAX
   714 00000635 50                              	PUSH	EAX
   715 00000636 52                              	PUSH	EDX
   716 00000637 E8 [00000000]                   	CALL	_sheet_updown
   717 0000063C 39 BD FFFFFBAC                  	CMP	DWORD [-1108+EBP],EDI
   718 00000642 58                              	POP	EAX
   719 00000643 5A                              	POP	EDX
   720 00000644 74 14                           	JE	L68
   721 00000646 57                              	PUSH	EDI
   722 00000647 E8 00000543                     	CALL	_keywin_off
   723 0000064C 8B BD FFFFFBAC                  	MOV	EDI,DWORD [-1108+EBP]
   724 00000652 57                              	PUSH	EDI
   725 00000653 E8 00000565                     	CALL	_keywin_on
   726 00000658 5A                              	POP	EDX
   727 00000659 59                              	POP	ECX
   728 0000065A                                 L68:
   729 0000065A 83 FB 02                        	CMP	EBX,2
   730 0000065D 7E 50                           	JLE	L69
   731 0000065F 8B 95 FFFFFBAC                  	MOV	EDX,DWORD [-1108+EBP]
   732 00000665 8B 42 04                        	MOV	EAX,DWORD [4+EDX]
   733 00000668 83 E8 03                        	SUB	EAX,3
   734 0000066B 39 C3                           	CMP	EBX,EAX
   735 0000066D 7D 40                           	JGE	L69
   736 0000066F 83 FE 02                        	CMP	ESI,2
   737 00000672 7E 3B                           	JLE	L69
   738 00000674 83 FE 14                        	CMP	ESI,20
   739 00000677 7F 36                           	JG	L69
   740 00000679 8B 85 FFFFFBE8                  	MOV	EAX,DWORD [-1048+EBP]
   741 0000067F 8B 95 FFFFFBE4                  	MOV	EDX,DWORD [-1052+EBP]
   742 00000685 89 85 FFFFFBB8                  	MOV	DWORD [-1096+EBP],EAX
   743 0000068B 89 95 FFFFFBB4                  	MOV	DWORD [-1100+EBP],EDX
   744 00000691 8B 85 FFFFFBAC                  	MOV	EAX,DWORD [-1108+EBP]
   745 00000697 8B 95 FFFFFBAC                  	MOV	EDX,DWORD [-1108+EBP]
   746 0000069D 8B 40 0C                        	MOV	EAX,DWORD [12+EAX]
   747 000006A0 8B 52 10                        	MOV	EDX,DWORD [16+EDX]
   748 000006A3 89 85 FFFFFBB0                  	MOV	DWORD [-1104+EBP],EAX
   749 000006A9 89 95 FFFFFBD4                  	MOV	DWORD [-1068+EBP],EDX
   750 000006AF                                 L69:
   751 000006AF 8B 85 FFFFFBAC                  	MOV	EAX,DWORD [-1108+EBP]
   752 000006B5 8B 50 04                        	MOV	EDX,DWORD [4+EAX]
   753 000006B8 8D 42 EB                        	LEA	EAX,DWORD [-21+EDX]
   754 000006BB 39 D8                           	CMP	EAX,EBX
   755 000006BD 0F 8F FFFFFCA9                  	JG	L14
   756 000006C3 8D 42 FB                        	LEA	EAX,DWORD [-5+EDX]
   757 000006C6 39 C3                           	CMP	EBX,EAX
   758 000006C8 0F 8D FFFFFC9E                  	JGE	L14
   759 000006CE 83 FE 04                        	CMP	ESI,4
   760 000006D1 0F 8E FFFFFC95                  	JLE	L14
   761 000006D7 83 FE 12                        	CMP	ESI,18
   762 000006DA 0F 8F FFFFFC8C                  	JG	L14
   763 000006E0 8B 95 FFFFFBAC                  	MOV	EDX,DWORD [-1108+EBP]
   764 000006E6 F6 42 1C 10                     	TEST	BYTE [28+EDX],16
   765 000006EA 74 42                           	JE	L104
   766 000006EC 8B 95 FFFFFBAC                  	MOV	EDX,DWORD [-1108+EBP]
   767 000006F2 8B 5A 24                        	MOV	EBX,DWORD [36+EDX]
   768 000006F5 68 [0000010C]                   	PUSH	LC2
   769 000006FA FF B3 000000A4                  	PUSH	DWORD [164+EBX]
   770 00000700 E8 [00000000]                   	CALL	_cons_putstr0
   771 00000705 E8 [00000000]                   	CALL	_io_cli
   772 0000070A 8D 43 30                        	LEA	EAX,DWORD [48+EBX]
   773 0000070D 89 43 54                        	MOV	DWORD [84+EBX],EAX
   774 00000710 C7 43 4C [00000000]             	MOV	DWORD [76+EBX],_asm_end_app
   775 00000717 E8 [00000000]                   	CALL	_io_sti
   776 0000071C 6A 00                           	PUSH	0
   777 0000071E 6A FF                           	PUSH	-1
   778 00000720 53                              	PUSH	EBX
   779 00000721 E8 [00000000]                   	CALL	_task_run
   780 00000726 83 C4 14                        	ADD	ESP,20
   781 00000729 E9 FFFFFC3E                     	JMP	L14
   782 0000072E                                 L104:
   783 0000072E 8B 5A 24                        	MOV	EBX,DWORD [36+EDX]
   784 00000731 6A FF                           	PUSH	-1
   785 00000733 52                              	PUSH	EDX
   786 00000734 E8 [00000000]                   	CALL	_sheet_updown
   787 00000739 57                              	PUSH	EDI
   788 0000073A E8 00000450                     	CALL	_keywin_off
   789 0000073F 8B 95 FFFFFBEC                  	MOV	EDX,DWORD [-1044+EBP]
   790 00000745 8B 42 10                        	MOV	EAX,DWORD [16+EDX]
   791 00000748 8B 7C 82 10                     	MOV	EDI,DWORD [16+EDX+EAX*4]
   792 0000074C 57                              	PUSH	EDI
   793 0000074D E8 0000046B                     	CALL	_keywin_on
   794 00000752 E8 [00000000]                   	CALL	_io_cli
   795 00000757 8D 43 10                        	LEA	EAX,DWORD [16+EBX]
   796 0000075A 6A 04                           	PUSH	4
   797 0000075C 50                              	PUSH	EAX
   798 0000075D E8 [00000000]                   	CALL	_fifo32_put
   799 00000762 E8 [00000000]                   	CALL	_io_sti
   800 00000767 83 C4 18                        	ADD	ESP,24
   801 0000076A E9 FFFFFBFD                     	JMP	L14
   802 0000076F                                 L101:
   803 0000076F C7 85 FFFFFBE4 00000000         	MOV	DWORD [-1052+EBP],0
   804 00000779 E9 FFFFFD61                     	JMP	L57
   805 0000077E                                 L100:
   806 0000077E C7 85 FFFFFBE8 00000000         	MOV	DWORD [-1048+EBP],0
   807 00000788 E9 FFFFFD45                     	JMP	L56
   808 0000078D                                 L96:
   809 0000078D 81 FA 0000017F                  	CMP	EDX,383
   810 00000793 0F 8F 000002FE                  	JG	L28
   811 00000799 83 BD FFFFFBC4 00               	CMP	DWORD [-1084+EBP],0
   812 000007A0 0F 85 000002E6                  	JNE	L29
   813 000007A6 8A 82 [FFFFFF00]                	MOV	AL,BYTE [_keytable0.0-256+EDX]
   814 000007AC                                 L92:
   815 000007AC 88 45 C4                        	MOV	BYTE [-60+EBP],AL
   816 000007AF                                 L31:
   817 000007AF 8A 55 C4                        	MOV	DL,BYTE [-60+EBP]
   818 000007B2 8D 42 BF                        	LEA	EAX,DWORD [-65+EDX]
   819 000007B5 3C 19                           	CMP	AL,25
   820 000007B7 77 1D                           	JA	L32
   821 000007B9 F7 85 FFFFFBC0 00000004         	TEST	DWORD [-1088+EBP],4
   822 000007C3 0F 85 000002B4                  	JNE	L87
   823 000007C9 83 BD FFFFFBC4 00               	CMP	DWORD [-1084+EBP],0
   824 000007D0 0F 84 0000029C                  	JE	L34
   825 000007D6                                 L32:
   826 000007D6 8A 45 C4                        	MOV	AL,BYTE [-60+EBP]
   827 000007D9 84 C0                           	TEST	AL,AL
   828 000007DB 74 1B                           	JE	L36
   829 000007DD 85 FF                           	TEST	EDI,EDI
   830 000007DF 74 17                           	JE	L36
   831 000007E1 0F BE C0                        	MOVSX	EAX,AL
   832 000007E4 05 00000100                     	ADD	EAX,256
   833 000007E9 50                              	PUSH	EAX
   834 000007EA 8B 47 24                        	MOV	EAX,DWORD [36+EDI]
   835 000007ED 83 C0 10                        	ADD	EAX,16
   836 000007F0 50                              	PUSH	EAX
   837 000007F1 E8 [00000000]                   	CALL	_fifo32_put
   838 000007F6 58                              	POP	EAX
   839 000007F7 5A                              	POP	EDX
   840 000007F8                                 L36:
   841 000007F8 81 BD FFFFFBF0 0000010F         	CMP	DWORD [-1040+EBP],271
   842 00000802 0F 84 00000235                  	JE	L105
   843 00000808                                 L37:
   844 00000808 8B 85 FFFFFBF0                  	MOV	EAX,DWORD [-1040+EBP]
   845 0000080E 3D 0000012A                     	CMP	EAX,298
   846 00000813 0F 84 00000218                  	JE	L106
   847 00000819                                 L39:
   848 00000819 3D 00000136                     	CMP	EAX,310
   849 0000081E 0F 84 00000201                  	JE	L107
   850 00000824                                 L40:
   851 00000824 3D 000001AA                     	CMP	EAX,426
   852 00000829 0F 84 000001EA                  	JE	L108
   853 0000082F                                 L41:
   854 0000082F 3D 000001B6                     	CMP	EAX,438
   855 00000834 0F 84 000001D3                  	JE	L109
   856 0000083A                                 L42:
   857 0000083A 3D 0000013A                     	CMP	EAX,314
   858 0000083F 0F 84 0000019F                  	JE	L110
   859 00000845                                 L43:
   860 00000845 81 BD FFFFFBF0 00000145         	CMP	DWORD [-1040+EBP],325
   861 0000084F 0F 84 00000166                  	JE	L111
   862 00000855                                 L44:
   863 00000855 81 BD FFFFFBF0 00000146         	CMP	DWORD [-1040+EBP],326
   864 0000085F 0F 84 0000012D                  	JE	L112
   865 00000865                                 L45:
   866 00000865 81 BD FFFFFBF0 0000013B         	CMP	DWORD [-1040+EBP],315
   867 0000086F 0F 84 000000BA                  	JE	L113
   868 00000875                                 L46:
   869 00000875 81 BD FFFFFBF0 0000013C         	CMP	DWORD [-1040+EBP],316
   870 0000087F 74 60                           	JE	L114
   871 00000881                                 L48:
   872 00000881 81 BD FFFFFBF0 00000157         	CMP	DWORD [-1040+EBP],343
   873 0000088B 74 3D                           	JE	L115
   874 0000088D                                 L50:
   875 0000088D 8B 85 FFFFFBF0                  	MOV	EAX,DWORD [-1040+EBP]
   876 00000893 3D 000001FA                     	CMP	EAX,506
   877 00000898 74 24                           	JE	L116
   878 0000089A                                 L51:
   879 0000089A 3D 000001FE                     	CMP	EAX,510
   880 0000089F 0F 85 FFFFFAC7                  	JNE	L14
   881 000008A5 E8 [00000000]                   	CALL	_wait_KBC_sendready
   882 000008AA FF B5 FFFFFBBC                  	PUSH	DWORD [-1092+EBP]
   883 000008B0 6A 60                           	PUSH	96
   884 000008B2 E8 [00000000]                   	CALL	_io_out8
   885 000008B7 5E                              	POP	ESI
   886 000008B8 58                              	POP	EAX
   887 000008B9 E9 FFFFFAAE                     	JMP	L14
   888 000008BE                                 L116:
   889 000008BE C7 85 FFFFFBBC FFFFFFFF         	MOV	DWORD [-1092+EBP],-1
   890 000008C8 EB D0                           	JMP	L51
   891 000008CA                                 L115:
   892 000008CA 8B 95 FFFFFBEC                  	MOV	EDX,DWORD [-1044+EBP]
   893 000008D0 8B 42 10                        	MOV	EAX,DWORD [16+EDX]
   894 000008D3 48                              	DEC	EAX
   895 000008D4 50                              	PUSH	EAX
   896 000008D5 FF 72 18                        	PUSH	DWORD [24+EDX]
   897 000008D8 E8 [00000000]                   	CALL	_sheet_updown
   898 000008DD 58                              	POP	EAX
   899 000008DE 5A                              	POP	EDX
   900 000008DF EB AC                           	JMP	L50
   901 000008E1                                 L114:
   902 000008E1 83 BD FFFFFBC4 00               	CMP	DWORD [-1084+EBP],0
   903 000008E8 74 97                           	JE	L48
   904 000008EA 85 FF                           	TEST	EDI,EDI
   905 000008EC 74 07                           	JE	L49
   906 000008EE 57                              	PUSH	EDI
   907 000008EF E8 0000029B                     	CALL	_keywin_off
   908 000008F4 59                              	POP	ECX
   909 000008F5                                 L49:
   910 000008F5 FF B5 FFFFFBD0                  	PUSH	DWORD [-1072+EBP]
   911 000008FB FF B5 FFFFFBEC                  	PUSH	DWORD [-1044+EBP]
   912 00000901 E8 0000038B                     	CALL	_open_console
   913 00000906 6A 04                           	PUSH	4
   914 00000908 6A 20                           	PUSH	32
   915 0000090A 89 C7                           	MOV	EDI,EAX
   916 0000090C 50                              	PUSH	EAX
   917 0000090D E8 [00000000]                   	CALL	_sheet_slide
   918 00000912 8B 85 FFFFFBEC                  	MOV	EAX,DWORD [-1044+EBP]
   919 00000918 FF 70 10                        	PUSH	DWORD [16+EAX]
   920 0000091B 57                              	PUSH	EDI
   921 0000091C E8 [00000000]                   	CALL	_sheet_updown
   922 00000921 57                              	PUSH	EDI
   923 00000922 E8 00000296                     	CALL	_keywin_on
   924 00000927 83 C4 20                        	ADD	ESP,32
   925 0000092A E9 FFFFFF52                     	JMP	L48
   926 0000092F                                 L113:
   927 0000092F 83 BD FFFFFBC4 00               	CMP	DWORD [-1084+EBP],0
   928 00000936 0F 84 FFFFFF39                  	JE	L46
   929 0000093C 85 FF                           	TEST	EDI,EDI
   930 0000093E 0F 84 FFFFFF31                  	JE	L46
   931 00000944 8B 5F 24                        	MOV	EBX,DWORD [36+EDI]
   932 00000947 85 DB                           	TEST	EBX,EBX
   933 00000949 0F 84 FFFFFF26                  	JE	L46
   934 0000094F 83 7B 34 00                     	CMP	DWORD [52+EBX],0
   935 00000953 0F 84 FFFFFF1C                  	JE	L46
   936 00000959 68 [0000011D]                   	PUSH	LC1
   937 0000095E FF B3 000000A4                  	PUSH	DWORD [164+EBX]
   938 00000964 E8 [00000000]                   	CALL	_cons_putstr0
   939 00000969 E8 [00000000]                   	CALL	_io_cli
   940 0000096E 8D 43 30                        	LEA	EAX,DWORD [48+EBX]
   941 00000971 89 43 54                        	MOV	DWORD [84+EBX],EAX
   942 00000974 C7 43 4C [00000000]             	MOV	DWORD [76+EBX],_asm_end_app
   943 0000097B E8 [00000000]                   	CALL	_io_sti
   944 00000980 6A 00                           	PUSH	0
   945 00000982 6A FF                           	PUSH	-1
   946 00000984 53                              	PUSH	EBX
   947 00000985 E8 [00000000]                   	CALL	_task_run
   948 0000098A 83 C4 14                        	ADD	ESP,20
   949 0000098D E9 FFFFFEE3                     	JMP	L46
   950 00000992                                 L112:
   951 00000992 68 000000ED                     	PUSH	237
   952 00000997 8D 5D 84                        	LEA	EBX,DWORD [-124+EBP]
   953 0000099A 53                              	PUSH	EBX
   954 0000099B 83 B5 FFFFFBC0 01               	XOR	DWORD [-1088+EBP],1
   955 000009A2 E8 [00000000]                   	CALL	_fifo32_put
   956 000009A7 FF B5 FFFFFBC0                  	PUSH	DWORD [-1088+EBP]
   957 000009AD 53                              	PUSH	EBX
   958 000009AE E8 [00000000]                   	CALL	_fifo32_put
   959 000009B3 83 C4 10                        	ADD	ESP,16
   960 000009B6 E9 FFFFFEAA                     	JMP	L45
   961 000009BB                                 L111:
   962 000009BB 68 000000ED                     	PUSH	237
   963 000009C0 8D 5D 84                        	LEA	EBX,DWORD [-124+EBP]
   964 000009C3 53                              	PUSH	EBX
   965 000009C4 83 B5 FFFFFBC0 02               	XOR	DWORD [-1088+EBP],2
   966 000009CB E8 [00000000]                   	CALL	_fifo32_put
   967 000009D0 FF B5 FFFFFBC0                  	PUSH	DWORD [-1088+EBP]
   968 000009D6 53                              	PUSH	EBX
   969 000009D7 E8 [00000000]                   	CALL	_fifo32_put
   970 000009DC 83 C4 10                        	ADD	ESP,16
   971 000009DF E9 FFFFFE71                     	JMP	L44
   972 000009E4                                 L110:
   973 000009E4 68 000000ED                     	PUSH	237
   974 000009E9 8D 5D 84                        	LEA	EBX,DWORD [-124+EBP]
   975 000009EC 53                              	PUSH	EBX
   976 000009ED 83 B5 FFFFFBC0 04               	XOR	DWORD [-1088+EBP],4
   977 000009F4 E8 [00000000]                   	CALL	_fifo32_put
   978 000009F9 FF B5 FFFFFBC0                  	PUSH	DWORD [-1088+EBP]
   979 000009FF 53                              	PUSH	EBX
   980 00000A00 E8 [00000000]                   	CALL	_fifo32_put
   981 00000A05 83 C4 10                        	ADD	ESP,16
   982 00000A08 E9 FFFFFE38                     	JMP	L43
   983 00000A0D                                 L109:
   984 00000A0D 83 A5 FFFFFBC4 FD               	AND	DWORD [-1084+EBP],-3
   985 00000A14 E9 FFFFFE21                     	JMP	L42
   986 00000A19                                 L108:
   987 00000A19 83 A5 FFFFFBC4 FE               	AND	DWORD [-1084+EBP],-2
   988 00000A20 E9 FFFFFE0A                     	JMP	L41
   989 00000A25                                 L107:
   990 00000A25 83 8D FFFFFBC4 02               	OR	DWORD [-1084+EBP],2
   991 00000A2C E9 FFFFFDF3                     	JMP	L40
   992 00000A31                                 L106:
   993 00000A31 83 8D FFFFFBC4 01               	OR	DWORD [-1084+EBP],1
   994 00000A38 E9 FFFFFDDC                     	JMP	L39
   995 00000A3D                                 L105:
   996 00000A3D 85 FF                           	TEST	EDI,EDI
   997 00000A3F 0F 84 FFFFFDC3                  	JE	L37
   998 00000A45 57                              	PUSH	EDI
   999 00000A46 E8 00000144                     	CALL	_keywin_off
  1000 00000A4B 8B 4F 18                        	MOV	ECX,DWORD [24+EDI]
  1001 00000A4E 49                              	DEC	ECX
  1002 00000A4F 5E                              	POP	ESI
  1003 00000A50 75 0A                           	JNE	L38
  1004 00000A52 8B 85 FFFFFBEC                  	MOV	EAX,DWORD [-1044+EBP]
  1005 00000A58 8B 48 10                        	MOV	ECX,DWORD [16+EAX]
  1006 00000A5B 49                              	DEC	ECX
  1007 00000A5C                                 L38:
  1008 00000A5C 8B 95 FFFFFBEC                  	MOV	EDX,DWORD [-1044+EBP]
  1009 00000A62 8B 7C 8A 14                     	MOV	EDI,DWORD [20+EDX+ECX*4]
  1010 00000A66 57                              	PUSH	EDI
  1011 00000A67 E8 00000151                     	CALL	_keywin_on
  1012 00000A6C 5B                              	POP	EBX
  1013 00000A6D E9 FFFFFD96                     	JMP	L37
  1014 00000A72                                 L34:
  1015 00000A72 8D 42 20                        	LEA	EAX,DWORD [32+EDX]
  1016 00000A75 88 45 C4                        	MOV	BYTE [-60+EBP],AL
  1017 00000A78 E9 FFFFFD59                     	JMP	L32
  1018 00000A7D                                 L87:
  1019 00000A7D 83 BD FFFFFBC4 00               	CMP	DWORD [-1084+EBP],0
  1020 00000A84 0F 84 FFFFFD4C                  	JE	L32
  1021 00000A8A EB E6                           	JMP	L34
  1022 00000A8C                                 L29:
  1023 00000A8C 8A 82 [FFFFFF80]                	MOV	AL,BYTE [_keytable1.1-256+EDX]
  1024 00000A92 E9 FFFFFD15                     	JMP	L92
  1025 00000A97                                 L28:
  1026 00000A97 C6 45 C4 00                     	MOV	BYTE [-60+EBP],0
  1027 00000A9B E9 FFFFFD0F                     	JMP	L31
  1028 00000AA0                                 L95:
  1029 00000AA0 83 BD FFFFFBE0 00               	CMP	DWORD [-1056+EBP],0
  1030 00000AA7 79 2B                           	JNS	L117
  1031 00000AA9 81 BD FFFFFBD8 7FFFFFFF         	CMP	DWORD [-1064+EBP],2147483647
  1032 00000AB3 75 15                           	JNE	L118
  1033 00000AB5 FF B5 FFFFFBC8                  	PUSH	DWORD [-1080+EBP]
  1034 00000ABB E8 [00000000]                   	CALL	_task_sleep
  1035 00000AC0 E8 [00000000]                   	CALL	_io_sti
  1036 00000AC5 E9 FFFFF9AE                     	JMP	L89
  1037 00000ACA                                 L118:
  1038 00000ACA E8 [00000000]                   	CALL	_io_sti
  1039 00000ACF E9 FFFFFA75                     	JMP	L91
  1040 00000AD4                                 L117:
  1041 00000AD4 E8 [00000000]                   	CALL	_io_sti
  1042 00000AD9 FF B5 FFFFFBDC                  	PUSH	DWORD [-1060+EBP]
  1043 00000ADF FF B5 FFFFFBE0                  	PUSH	DWORD [-1056+EBP]
  1044 00000AE5 FF B5 FFFFFBCC                  	PUSH	DWORD [-1076+EBP]
  1045 00000AEB E8 [00000000]                   	CALL	_sheet_slide
  1046 00000AF0 C7 85 FFFFFBE0 FFFFFFFF         	MOV	DWORD [-1056+EBP],-1
  1047 00000AFA E9 FFFFF86A                     	JMP	L90
  1048 00000AFF                                 L94:
  1049 00000AFF 53                              	PUSH	EBX
  1050 00000B00 E8 [00000000]                   	CALL	_fifo32_get
  1051 00000B05 89 85 FFFFFBBC                  	MOV	DWORD [-1092+EBP],EAX
  1052 00000B0B E8 [00000000]                   	CALL	_wait_KBC_sendready
  1053 00000B10 FF B5 FFFFFBBC                  	PUSH	DWORD [-1092+EBP]
  1054 00000B16 6A 60                           	PUSH	96
  1055 00000B18 E8 [00000000]                   	CALL	_io_out8
  1056 00000B1D 83 C4 0C                        	ADD	ESP,12
  1057 00000B20 E9 FFFFF862                     	JMP	L17
  1058 00000B25                                 L2:
  1059 00000B25 68 00023840                     	PUSH	145472
  1060 00000B2A 68 003C0000                     	PUSH	3932160
  1061 00000B2F E8 [00000000]                   	CALL	_memman_alloc_4k
  1062 00000B34 31 D2                           	XOR	EDX,EDX
  1063 00000B36 5E                              	POP	ESI
  1064 00000B37 89 C1                           	MOV	ECX,EAX
  1065 00000B39 C7 85 FFFFFBF0 00000000         	MOV	DWORD [-1040+EBP],0
  1066 00000B43 58                              	POP	EAX
  1067 00000B44                                 L8:
  1068 00000B44 8A 82 [00000000]                	MOV	AL,BYTE [_hankaku+EDX]
  1069 00000B4A 88 04 0A                        	MOV	BYTE [EDX+ECX*1],AL
  1070 00000B4D 8B 85 FFFFFBF0                  	MOV	EAX,DWORD [-1040+EBP]
  1071 00000B53 40                              	INC	EAX
  1072 00000B54 89 85 FFFFFBF0                  	MOV	DWORD [-1040+EBP],EAX
  1073 00000B5A 89 C2                           	MOV	EDX,EAX
  1074 00000B5C 3D 00000FFF                     	CMP	EAX,4095
  1075 00000B61 7E E1                           	JLE	L8
  1076 00000B63 C7 85 FFFFFBF0 00001000         	MOV	DWORD [-1040+EBP],4096
  1077 00000B6D B8 00001000                     	MOV	EAX,4096
  1078 00000B72                                 L13:
  1079 00000B72 C6 04 08 FF                     	MOV	BYTE [EAX+ECX*1],-1
  1080 00000B76 8B 85 FFFFFBF0                  	MOV	EAX,DWORD [-1040+EBP]
  1081 00000B7C 40                              	INC	EAX
  1082 00000B7D 89 85 FFFFFBF0                  	MOV	DWORD [-1040+EBP],EAX
  1083 00000B83 3D 0002383F                     	CMP	EAX,145471
  1084 00000B88 7E E8                           	JLE	L13
  1085 00000B8A E9 FFFFF7C4                     	JMP	L3
  1086 00000B8F                                 	GLOBAL	_keywin_off
  1087 00000B8F                                 _keywin_off:
  1088 00000B8F 55                              	PUSH	EBP
  1089 00000B90 89 E5                           	MOV	EBP,ESP
  1090 00000B92 53                              	PUSH	EBX
  1091 00000B93 6A 00                           	PUSH	0
  1092 00000B95 8B 5D 08                        	MOV	EBX,DWORD [8+EBP]
  1093 00000B98 53                              	PUSH	EBX
  1094 00000B99 E8 [00000000]                   	CALL	_change_wtitle8
  1095 00000B9E F6 43 1C 20                     	TEST	BYTE [28+EBX],32
  1096 00000BA2 59                              	POP	ECX
  1097 00000BA3 58                              	POP	EAX
  1098 00000BA4 75 05                           	JNE	L121
  1099 00000BA6                                 L119:
  1100 00000BA6 8B 5D FC                        	MOV	EBX,DWORD [-4+EBP]
  1101 00000BA9 C9                              	LEAVE
  1102 00000BAA C3                              	RET
  1103 00000BAB                                 L121:
  1104 00000BAB 6A 03                           	PUSH	3
  1105 00000BAD 8B 43 24                        	MOV	EAX,DWORD [36+EBX]
  1106 00000BB0 83 C0 10                        	ADD	EAX,16
  1107 00000BB3 50                              	PUSH	EAX
  1108 00000BB4 E8 [00000000]                   	CALL	_fifo32_put
  1109 00000BB9 58                              	POP	EAX
  1110 00000BBA 5A                              	POP	EDX
  1111 00000BBB EB E9                           	JMP	L119
  1112 00000BBD                                 	GLOBAL	_keywin_on
  1113 00000BBD                                 _keywin_on:
  1114 00000BBD 55                              	PUSH	EBP
  1115 00000BBE 89 E5                           	MOV	EBP,ESP
  1116 00000BC0 53                              	PUSH	EBX
  1117 00000BC1 6A 01                           	PUSH	1
  1118 00000BC3 8B 5D 08                        	MOV	EBX,DWORD [8+EBP]
  1119 00000BC6 53                              	PUSH	EBX
  1120 00000BC7 E8 [00000000]                   	CALL	_change_wtitle8
  1121 00000BCC F6 43 1C 20                     	TEST	BYTE [28+EBX],32
  1122 00000BD0 59                              	POP	ECX
  1123 00000BD1 58                              	POP	EAX
  1124 00000BD2 75 05                           	JNE	L124
  1125 00000BD4                                 L122:
  1126 00000BD4 8B 5D FC                        	MOV	EBX,DWORD [-4+EBP]
  1127 00000BD7 C9                              	LEAVE
  1128 00000BD8 C3                              	RET
  1129 00000BD9                                 L124:
  1130 00000BD9 6A 02                           	PUSH	2
  1131 00000BDB 8B 43 24                        	MOV	EAX,DWORD [36+EBX]
  1132 00000BDE 83 C0 10                        	ADD	EAX,16
  1133 00000BE1 50                              	PUSH	EAX
  1134 00000BE2 E8 [00000000]                   	CALL	_fifo32_put
  1135 00000BE7 58                              	POP	EAX
  1136 00000BE8 5A                              	POP	EDX
  1137 00000BE9 EB E9                           	JMP	L122
  1138 00000BEB                                 	GLOBAL	_open_constask
  1139 00000BEB                                 _open_constask:
  1140 00000BEB 55                              	PUSH	EBP
  1141 00000BEC 89 E5                           	MOV	EBP,ESP
  1142 00000BEE 56                              	PUSH	ESI
  1143 00000BEF 53                              	PUSH	EBX
  1144 00000BF0 E8 [00000000]                   	CALL	_task_alloc
  1145 00000BF5 68 00000200                     	PUSH	512
  1146 00000BFA 68 003C0000                     	PUSH	3932160
  1147 00000BFF 89 C3                           	MOV	EBX,EAX
  1148 00000C01 E8 [00000000]                   	CALL	_memman_alloc_4k
  1149 00000C06 68 00010000                     	PUSH	65536
  1150 00000C0B 68 003C0000                     	PUSH	3932160
  1151 00000C10 89 C6                           	MOV	ESI,EAX
  1152 00000C12 E8 [00000000]                   	CALL	_memman_alloc_4k
  1153 00000C17 8B 55 08                        	MOV	EDX,DWORD [8+EBP]
  1154 00000C1A C7 43 4C [00000000]             	MOV	DWORD [76+EBX],_console_task
  1155 00000C21 89 83 000000AC                  	MOV	DWORD [172+EBX],EAX
  1156 00000C27 05 0000FFF4                     	ADD	EAX,65524
  1157 00000C2C 89 43 64                        	MOV	DWORD [100+EBX],EAX
  1158 00000C2F C7 43 74 00000008               	MOV	DWORD [116+EBX],8
  1159 00000C36 C7 43 78 00000010               	MOV	DWORD [120+EBX],16
  1160 00000C3D C7 43 7C 00000008               	MOV	DWORD [124+EBX],8
  1161 00000C44 C7 83 00000080 00000008         	MOV	DWORD [128+EBX],8
  1162 00000C4E C7 83 00000084 00000008         	MOV	DWORD [132+EBX],8
  1163 00000C58 C7 83 00000088 00000008         	MOV	DWORD [136+EBX],8
  1164 00000C62 89 50 04                        	MOV	DWORD [4+EAX],EDX
  1165 00000C65 8B 53 64                        	MOV	EDX,DWORD [100+EBX]
  1166 00000C68 8B 45 0C                        	MOV	EAX,DWORD [12+EBP]
  1167 00000C6B 89 42 08                        	MOV	DWORD [8+EDX],EAX
  1168 00000C6E 6A 02                           	PUSH	2
  1169 00000C70 6A 02                           	PUSH	2
  1170 00000C72 53                              	PUSH	EBX
  1171 00000C73 E8 [00000000]                   	CALL	_task_run
  1172 00000C78 8D 43 10                        	LEA	EAX,DWORD [16+EBX]
  1173 00000C7B 53                              	PUSH	EBX
  1174 00000C7C 56                              	PUSH	ESI
  1175 00000C7D 68 00000080                     	PUSH	128
  1176 00000C82 50                              	PUSH	EAX
  1177 00000C83 E8 [00000000]                   	CALL	_fifo32_init
  1178 00000C88 8D 65 F8                        	LEA	ESP,DWORD [-8+EBP]
  1179 00000C8B 89 D8                           	MOV	EAX,EBX
  1180 00000C8D 5B                              	POP	EBX
  1181 00000C8E 5E                              	POP	ESI
  1182 00000C8F 5D                              	POP	EBP
  1183 00000C90 C3                              	RET
  1184                                          [SECTION .data]
  1185 0000012C                                 LC3:
  1186 0000012C 63 6F 6E 73 6F 6C 65 00         	DB	"console",0x00
  1187                                          [SECTION .text]
  1188 00000C91                                 	GLOBAL	_open_console
  1189 00000C91                                 _open_console:
  1190 00000C91 55                              	PUSH	EBP
  1191 00000C92 89 E5                           	MOV	EBP,ESP
  1192 00000C94 56                              	PUSH	ESI
  1193 00000C95 53                              	PUSH	EBX
  1194 00000C96 FF 75 08                        	PUSH	DWORD [8+EBP]
  1195 00000C99 E8 [00000000]                   	CALL	_sheet_alloc
  1196 00000C9E 68 0000A500                     	PUSH	42240
  1197 00000CA3 68 003C0000                     	PUSH	3932160
  1198 00000CA8 89 C3                           	MOV	EBX,EAX
  1199 00000CAA E8 [00000000]                   	CALL	_memman_alloc_4k
  1200 00000CAF 6A FF                           	PUSH	-1
  1201 00000CB1 68 000000A5                     	PUSH	165
  1202 00000CB6 89 C6                           	MOV	ESI,EAX
  1203 00000CB8 68 00000100                     	PUSH	256
  1204 00000CBD 50                              	PUSH	EAX
  1205 00000CBE 53                              	PUSH	EBX
  1206 00000CBF E8 [00000000]                   	CALL	_sheet_setbuf
  1207 00000CC4 83 C4 20                        	ADD	ESP,32
  1208 00000CC7 6A 00                           	PUSH	0
  1209 00000CC9 68 [0000012C]                   	PUSH	LC3
  1210 00000CCE 68 000000A5                     	PUSH	165
  1211 00000CD3 68 00000100                     	PUSH	256
  1212 00000CD8 56                              	PUSH	ESI
  1213 00000CD9 E8 [00000000]                   	CALL	_make_window8
  1214 00000CDE 6A 00                           	PUSH	0
  1215 00000CE0 68 00000080                     	PUSH	128
  1216 00000CE5 68 000000F0                     	PUSH	240
  1217 00000CEA 6A 1C                           	PUSH	28
  1218 00000CEC 6A 08                           	PUSH	8
  1219 00000CEE 53                              	PUSH	EBX
  1220 00000CEF E8 [00000000]                   	CALL	_make_textbox8
  1221 00000CF4 83 C4 2C                        	ADD	ESP,44
  1222 00000CF7 FF 75 0C                        	PUSH	DWORD [12+EBP]
  1223 00000CFA 53                              	PUSH	EBX
  1224 00000CFB E8 FFFFFEEB                     	CALL	_open_constask
  1225 00000D00 83 4B 1C 20                     	OR	DWORD [28+EBX],32
  1226 00000D04 89 43 24                        	MOV	DWORD [36+EBX],EAX
  1227 00000D07 8D 65 F8                        	LEA	ESP,DWORD [-8+EBP]
  1228 00000D0A 89 D8                           	MOV	EAX,EBX
  1229 00000D0C 5B                              	POP	EBX
  1230 00000D0D 5E                              	POP	ESI
  1231 00000D0E 5D                              	POP	EBP
  1232 00000D0F C3                              	RET
  1233 00000D10                                 	GLOBAL	_close_constask
  1234 00000D10                                 _close_constask:
  1235 00000D10 55                              	PUSH	EBP
  1236 00000D11 89 E5                           	MOV	EBP,ESP
  1237 00000D13 53                              	PUSH	EBX
  1238 00000D14 8B 5D 08                        	MOV	EBX,DWORD [8+EBP]
  1239 00000D17 53                              	PUSH	EBX
  1240 00000D18 E8 [00000000]                   	CALL	_task_sleep
  1241 00000D1D 68 00010000                     	PUSH	65536
  1242 00000D22 FF B3 000000AC                  	PUSH	DWORD [172+EBX]
  1243 00000D28 68 003C0000                     	PUSH	3932160
  1244 00000D2D E8 [00000000]                   	CALL	_memman_free_4k
  1245 00000D32 68 00000200                     	PUSH	512
  1246 00000D37 FF 73 10                        	PUSH	DWORD [16+EBX]
  1247 00000D3A 68 003C0000                     	PUSH	3932160
  1248 00000D3F E8 [00000000]                   	CALL	_memman_free_4k
  1249 00000D44 C7 43 04 00000000               	MOV	DWORD [4+EBX],0
  1250 00000D4B 8B 5D FC                        	MOV	EBX,DWORD [-4+EBP]
  1251 00000D4E C9                              	LEAVE
  1252 00000D4F C3                              	RET
  1253 00000D50                                 	GLOBAL	_close_console
  1254 00000D50                                 _close_console:
  1255 00000D50 55                              	PUSH	EBP
  1256 00000D51 89 E5                           	MOV	EBP,ESP
  1257 00000D53 56                              	PUSH	ESI
  1258 00000D54 53                              	PUSH	EBX
  1259 00000D55 8B 5D 08                        	MOV	EBX,DWORD [8+EBP]
  1260 00000D58 8B 73 24                        	MOV	ESI,DWORD [36+EBX]
  1261 00000D5B 68 0000A500                     	PUSH	42240
  1262 00000D60 FF 33                           	PUSH	DWORD [EBX]
  1263 00000D62 68 003C0000                     	PUSH	3932160
  1264 00000D67 E8 [00000000]                   	CALL	_memman_free_4k
  1265 00000D6C 53                              	PUSH	EBX
  1266 00000D6D E8 [00000000]                   	CALL	_sheet_free
  1267 00000D72 89 75 08                        	MOV	DWORD [8+EBP],ESI
  1268 00000D75 83 C4 10                        	ADD	ESP,16
  1269 00000D78 8D 65 F8                        	LEA	ESP,DWORD [-8+EBP]
  1270 00000D7B 5B                              	POP	EBX
  1271 00000D7C 5E                              	POP	ESI
  1272 00000D7D 5D                              	POP	EBP
  1273 00000D7E EB 90                           	JMP	_close_constask
